Webhook server running on port 3000
Webhook server running on port 3000
Webhook server running on port 3000
node:events:495
      throw er; // Unhandled 'error' event
      ^

Error: listen EADDRINUSE: address already in use :::3000
    at Server.setupListenHandle [as _listen2] (node:net:1811:16)
    at listenInCluster (node:net:1859:12)
    at Server.listen (node:net:1947:7)
    at Function.listen (/home/ubuntu/webhook-server/node_modules/express/lib/application.js:635:24)
    at Object.<anonymous> (/home/ubuntu/webhook-server/sserver.js:20:5)
    at Module._compile (node:internal/modules/cjs/loader:1356:14)
    at Module._extensions..js (node:internal/modules/cjs/loader:1414:10)
    at Module.load (node:internal/modules/cjs/loader:1197:32)
    at Module._load (node:internal/modules/cjs/loader:1013:12)
    at Function.executeUserEntryPoint [as runMain] (node:internal/modules/run_main:128:12)
Emitted 'error' event on Server instance at:
    at emitErrorNT (node:net:1838:8)
    at process.processTicksAndRejections (node:internal/process/task_queues:82:21) {
  code: 'EADDRINUSE',
  errno: -98,
  syscall: 'listen',
  address: '::',
  port: 3000
}

Node.js v18.19.1
Webhook server running on port 3000
Received event: {
  title: 'push-switch-on',
  app_id: 'RqgJVY4l',
  id: 'mtCtZxMe',
  address: '00:11:62:00:17:55',
  device_name: '3',
  action: 1
}
Received event: {
  title: 'push-switch-on',
  app_id: 'RqgJVY4l',
  id: 'mtCtZxMe',
  address: '00:11:62:00:17:55',
  device_name: '3',
  action: 1
}
Webhook server running on port 3000
Received event: {
  title: 'push-switch-on',
  app_id: 'RqgJVY4l',
  id: 'mtCtZxMe',
  address: '00:11:62:00:17:55',
  device_name: '3',
  action: 1
}
Received event: {
  title: 'push-switch-on',
  app_id: 'RqgJVY4l',
  id: 'mtCtZxMe',
  address: '00:11:62:00:17:55',
  device_name: '3',
  action: 1
}
node:events:495
      throw er; // Unhandled 'error' event
      ^

Error: listen EADDRINUSE: address already in use :::3000
    at Server.setupListenHandle [as _listen2] (node:net:1811:16)
    at listenInCluster (node:net:1859:12)
    at Server.listen (node:net:1947:7)
    at Function.listen (/home/ubuntu/webhook-server/Capstone-Star-Micronics/webhook-server/node_modules/express/lib/application.js:635:24)
    at Object.<anonymous> (/home/ubuntu/webhook-server/Capstone-Star-Micronics/webhook-server/sserver.js:20:5)
    at Module._compile (node:internal/modules/cjs/loader:1356:14)
    at Module._extensions..js (node:internal/modules/cjs/loader:1414:10)
    at Module.load (node:internal/modules/cjs/loader:1197:32)
    at Module._load (node:internal/modules/cjs/loader:1013:12)
    at Function.executeUserEntryPoint [as runMain] (node:internal/modules/run_main:128:12)
Emitted 'error' event on Server instance at:
    at emitErrorNT (node:net:1838:8)
    at process.processTicksAndRejections (node:internal/process/task_queues:82:21) {
  code: 'EADDRINUSE',
  errno: -98,
  syscall: 'listen',
  address: '::',
  port: 3000
}

Node.js v18.19.1
node:events:495
      throw er; // Unhandled 'error' event
      ^

Error: listen EADDRINUSE: address already in use :::3000
    at Server.setupListenHandle [as _listen2] (node:net:1811:16)
    at listenInCluster (node:net:1859:12)
    at Server.listen (node:net:1947:7)
    at Function.listen (/home/ubuntu/webhook-server/Capstone-Star-Micronics/webhook-server/node_modules/express/lib/application.js:635:24)
    at Object.<anonymous> (/home/ubuntu/webhook-server/Capstone-Star-Micronics/webhook-server/sserver.js:20:5)
    at Module._compile (node:internal/modules/cjs/loader:1356:14)
    at Module._extensions..js (node:internal/modules/cjs/loader:1414:10)
    at Module.load (node:internal/modules/cjs/loader:1197:32)
    at Module._load (node:internal/modules/cjs/loader:1013:12)
    at Function.executeUserEntryPoint [as runMain] (node:internal/modules/run_main:128:12)
Emitted 'error' event on Server instance at:
    at emitErrorNT (node:net:1838:8)
    at process.processTicksAndRejections (node:internal/process/task_queues:82:21) {
  code: 'EADDRINUSE',
  errno: -98,
  syscall: 'listen',
  address: '::',
  port: 3000
}

Node.js v18.19.1
node:events:495
      throw er; // Unhandled 'error' event
      ^

Error: listen EADDRINUSE: address already in use :::3000
    at Server.setupListenHandle [as _listen2] (node:net:1811:16)
    at listenInCluster (node:net:1859:12)
    at Server.listen (node:net:1947:7)
    at Function.listen (/home/ubuntu/webhook-server/Capstone-Star-Micronics/webhook-server/node_modules/express/lib/application.js:635:24)
    at Object.<anonymous> (/home/ubuntu/webhook-server/Capstone-Star-Micronics/webhook-server/sserver.js:20:5)
    at Module._compile (node:internal/modules/cjs/loader:1356:14)
    at Module._extensions..js (node:internal/modules/cjs/loader:1414:10)
    at Module.load (node:internal/modules/cjs/loader:1197:32)
    at Module._load (node:internal/modules/cjs/loader:1013:12)
    at Function.executeUserEntryPoint [as runMain] (node:internal/modules/run_main:128:12)
Emitted 'error' event on Server instance at:
    at emitErrorNT (node:net:1838:8)
    at process.processTicksAndRejections (node:internal/process/task_queues:82:21) {
  code: 'EADDRINUSE',
  errno: -98,
  syscall: 'listen',
  address: '::',
  port: 3000
}

Node.js v18.19.1
node:events:495
      throw er; // Unhandled 'error' event
      ^

Error: listen EADDRINUSE: address already in use :::3000
    at Server.setupListenHandle [as _listen2] (node:net:1811:16)
    at listenInCluster (node:net:1859:12)
    at Server.listen (node:net:1947:7)
    at Function.listen (/home/ubuntu/webhook-server/Capstone-Star-Micronics/webhook-server/node_modules/express/lib/application.js:635:24)
    at Object.<anonymous> (/home/ubuntu/webhook-server/Capstone-Star-Micronics/webhook-server/sserver.js:20:5)
    at Module._compile (node:internal/modules/cjs/loader:1356:14)
    at Module._extensions..js (node:internal/modules/cjs/loader:1414:10)
    at Module.load (node:internal/modules/cjs/loader:1197:32)
    at Module._load (node:internal/modules/cjs/loader:1013:12)
    at Function.executeUserEntryPoint [as runMain] (node:internal/modules/run_main:128:12)
Emitted 'error' event on Server instance at:
    at emitErrorNT (node:net:1838:8)
    at process.processTicksAndRejections (node:internal/process/task_queues:82:21) {
  code: 'EADDRINUSE',
  errno: -98,
  syscall: 'listen',
  address: '::',
  port: 3000
}

Node.js v18.19.1
node:events:495
      throw er; // Unhandled 'error' event
      ^

Error: listen EADDRINUSE: address already in use :::3000
    at Server.setupListenHandle [as _listen2] (node:net:1811:16)
    at listenInCluster (node:net:1859:12)
    at Server.listen (node:net:1947:7)
    at Function.listen (/home/ubuntu/webhook-server/Capstone-Star-Micronics/webhook-server/node_modules/express/lib/application.js:635:24)
    at Object.<anonymous> (/home/ubuntu/webhook-server/Capstone-Star-Micronics/webhook-server/server.js:20:5)
    at Module._compile (node:internal/modules/cjs/loader:1356:14)
    at Module._extensions..js (node:internal/modules/cjs/loader:1414:10)
    at Module.load (node:internal/modules/cjs/loader:1197:32)
    at Module._load (node:internal/modules/cjs/loader:1013:12)
    at Function.executeUserEntryPoint [as runMain] (node:internal/modules/run_main:128:12)
Emitted 'error' event on Server instance at:
    at emitErrorNT (node:net:1838:8)
    at process.processTicksAndRejections (node:internal/process/task_queues:82:21) {
  code: 'EADDRINUSE',
  errno: -98,
  syscall: 'listen',
  address: '::',
  port: 3000
}

Node.js v18.19.1
Received event: {
  title: 'push-switch-on',
  app_id: 'RqgJVY4l',
  id: 'mtCtZxMe',
  address: '00:11:62:00:17:55',
  device_name: '3',
  action: 1
}
Received event: {
  title: 'image-updated',
  app_id: 'RqgJVY4l',
  id: 'ZscJai2F',
  address: '00:11:62:00:17:A6',
  device_name: '2',
  job_id: '2zub9DAnyzp'
}
Received event: {
  title: 'app-disconnection',
  id: 'RqgJVY4l',
  name: 'mC-Connect Tool',
  intentional: false
}
Webhook server running on port 3000
Unhandled webhook title: push-switch-on
Unhandled webhook title: push-switch-on
node:events:495
      throw er; // Unhandled 'error' event
      ^

Error: listen EADDRINUSE: address already in use :::3000
    at Server.setupListenHandle [as _listen2] (node:net:1811:16)
    at listenInCluster (node:net:1859:12)
    at Server.listen (node:net:1947:7)
    at Function.listen (/home/ubuntu/webhook-server/Capstone-Star-Micronics/webhook-server/node_modules/express/lib/application.js:635:24)
    at Object.<anonymous> (/home/ubuntu/webhook-server/Capstone-Star-Micronics/webhook-server/server.js:39:5)
    at Module._compile (node:internal/modules/cjs/loader:1356:14)
    at Module._extensions..js (node:internal/modules/cjs/loader:1414:10)
    at Module.load (node:internal/modules/cjs/loader:1197:32)
    at Module._load (node:internal/modules/cjs/loader:1013:12)
    at Function.executeUserEntryPoint [as runMain] (node:internal/modules/run_main:128:12)
Emitted 'error' event on Server instance at:
    at emitErrorNT (node:net:1838:8)
    at process.processTicksAndRejections (node:internal/process/task_queues:82:21) {
  code: 'EADDRINUSE',
  errno: -98,
  syscall: 'listen',
  address: '::',
  port: 3000
}

Node.js v18.19.1
Single push on device t-0 (ID: a8E6JV3f, Address: 00:11:22:33:FF:EE)
node:events:495
      throw er; // Unhandled 'error' event
      ^

Error: listen EADDRINUSE: address already in use :::3000
    at Server.setupListenHandle [as _listen2] (node:net:1811:16)
    at listenInCluster (node:net:1859:12)
    at Server.listen (node:net:1947:7)
    at Function.listen (/home/ubuntu/webhook-server/Capstone-Star-Micronics/webhook-server/node_modules/express/lib/application.js:635:24)
    at Object.<anonymous> (/home/ubuntu/webhook-server/Capstone-Star-Micronics/webhook-server/server.js:39:5)
    at Module._compile (node:internal/modules/cjs/loader:1356:14)
    at Module._extensions..js (node:internal/modules/cjs/loader:1414:10)
    at Module.load (node:internal/modules/cjs/loader:1197:32)
    at Module._load (node:internal/modules/cjs/loader:1013:12)
    at Function.executeUserEntryPoint [as runMain] (node:internal/modules/run_main:128:12)
Emitted 'error' event on Server instance at:
    at emitErrorNT (node:net:1838:8)
    at process.processTicksAndRejections (node:internal/process/task_queues:82:21) {
  code: 'EADDRINUSE',
  errno: -98,
  syscall: 'listen',
  address: '::',
  port: 3000
}

Node.js v18.19.1
Unhandled webhook title: push-switch-on
Webhook server running on port 3000
Unhandled webhook title: push-switch-on
Unhandled webhook title: push-switch-on
Unhandled webhook title: push-switch-on
node:events:495
      throw er; // Unhandled 'error' event
      ^

Error: listen EADDRINUSE: address already in use :::3000
    at Server.setupListenHandle [as _listen2] (node:net:1811:16)
    at listenInCluster (node:net:1859:12)
    at Server.listen (node:net:1947:7)
    at Function.listen (/home/ubuntu/webhook-server/Capstone-Star-Micronics/webhook-server/node_modules/express/lib/application.js:635:24)
    at Object.<anonymous> (/home/ubuntu/webhook-server/Capstone-Star-Micronics/webhook-server/server.js:70:5)
    at Module._compile (node:internal/modules/cjs/loader:1356:14)
    at Module._extensions..js (node:internal/modules/cjs/loader:1414:10)
    at Module.load (node:internal/modules/cjs/loader:1197:32)
    at Module._load (node:internal/modules/cjs/loader:1013:12)
    at Function.executeUserEntryPoint [as runMain] (node:internal/modules/run_main:128:12)
Emitted 'error' event on Server instance at:
    at emitErrorNT (node:net:1838:8)
    at process.processTicksAndRejections (node:internal/process/task_queues:82:21) {
  code: 'EADDRINUSE',
  errno: -98,
  syscall: 'listen',
  address: '::',
  port: 3000
}

Node.js v18.19.1
Unhandled webhook title: push-switch-on
App disconnected: mC-Connect Tool (ID: RqgJVY4l), Intentional: false
Disconnection was abnormal
Image updated for device 2 (ID: ZscJai2F, Address: 00:11:62:00:17:A6), Job ID: 2zub8ooXrHJ
